#-----------------------------------------------------------
# Vivado v2024.2 (64-bit)
# SW Build 5239630 on Fri Nov 08 22:35:27 MST 2024
# IP Build 5239520 on Sun Nov 10 16:12:51 MST 2024
# SharedData Build 5239561 on Fri Nov 08 14:39:27 MST 2024
# Start of session at: Sun Feb 22 06:45:25 2026
# Process ID         : 14064
# Current directory  : C:/Users/rahul/Downloads/kv260
# Command line       : vivado.exe -gui_launcher_event rodinguilauncherevent5588 C:\Users\rahul\Downloads\kv260\kv260.xpr
# Log file           : C:/Users/rahul/Downloads/kv260/vivado.log
# Journal file       : C:/Users/rahul/Downloads/kv260\vivado.jou
# Running On         : GoldenFlower
# Platform           : Windows Server 2016 or Windows 10
# Operating System   : 26200
# Processor Detail   : Intel(R) Core(TM) i5-8350U CPU @ 1.70GHz
# CPU Frequency      : 1896 MHz
# CPU Physical cores : 4
# CPU Logical cores  : 8
# Host memory        : 17011 MB
# Swap memory        : 51539 MB
# Total Virtual      : 68550 MB
# Available Virtual  : 29593 MB
#-----------------------------------------------------------
sstart_guioopen_project C:/Users/rahul/Downloads/kv260/kv260.xprWARNING: [filemgmt 56-3] IP Repository Path: Could not find the directory 'C:/Users/rahul/ip_repository'.
Scanning sources...
FFinished scanning sourcesINFO: [IP_Flow 19-234] Refreshing IP repositories
WARNING: [IP_Flow 19-2248] Failed to load user IP repository 'c:/Users/rahul/ip_repository'; Can't find the specified path.
If this directory should no longer be in your list of user repositories, go to the IP Settings dialog and remove it.
INFO: [IP_Flow 19-1700] Loaded user IP repository 'c:/Users/rahul/INFO: [IP_Flow 19-1700] Loaded INFO: [IP_Flow 19-1700] Loaded user IP repository 'c:/Users/rahul/Downloads/DPUCZDX8G_ip_repo_VAI_v3.0 (7)/DPUCZDX8G_ip_repo_VAI_v3.0'.
INFO: [IP_Flow 19-2313] Loaded Vivado IP repository 'C:/Xilinx/Vivado/2024.2/data/ip'.
open_project: Time (s): cpu = 00:00:47 ; elapsed = 00:00:30 . Memory (MB): peak = 1324.977 ; gain = 240.938
update_compile_order -fileset sources_1
open_bd_design {C:/Users/rahul/Downloads/kv260/kv260.srcs/sources_1/bd/design_1/design_1.bd}
Reading block design file <C:/Users/rahul/Downloads/kv260/kv260.srcs/sources_1/bd/design_1/design_1.bd>...
Adding component instance block -- xilinx.com:ip:zynq_ultra_ps_e:3.5 - zynq_ultra_ps_e_0
Adding component instance block -- xilinx.com:ip:dpuczdx8g:4.1 - dpuczdx8g_0
Adding component instance block -- xilinx.com:ip:proc_sys_reset:5.0 - rst_ps8_0_100M
Adding component instance block -- xilinx.com:ip:axi_interconnect:2.1 - axi_interconnect_hp0
Adding component instance block -- xilinx.com:ip:axi_crossbar:2.1 - xbar
Adding component instance block -- xilinx.com:ip:axi_data_fifo:2.1 - s00_data_fifo
Adding component instance block -- xilinx.com:ip:axi_data_fifo:2.1 - s01_data_fifo
Adding component instance block -- xilinx.com:ip:axi_dwidth_converter:2.1 - auto_us_df
Adding component instance block -- xilinx.com:ip:axi_interconnect:2.1 - ps8_0_axi_periph
Adding component instance block -- xilinx.com:ip:axi_dwidth_converter:2.1 - auto_ds
Successfully read diagram <design_1> from block design file <C:/Users/rahul/Downloads/kv260/kv260.srcs/sources_1/bd/design_1/design_1.bd>
open_bd_design: Time (s): cpu = 00:00:16 ; elapsed = 00:00:18 . Memory (MB): peak = 1453.117 ; gain = 112.441
e eval ::xilinx.com_signal_gt_outclk_1.0 { source -notrace {C:/Xilinx/Vivado/2024.2/data/rsb/busdef/gt_outclk/busdef.tcl} }"
ERROR: [BD 41-69] Error sourcing TCL script: 
    while executing
"source -notrace {C:/Xilinx/Vivado/2024.2/data/rsb/busdef/gt_usrclk/busdef.tcl} "
    (in namespace eval "::xilinx.com_signal_gt_usrclk_1.0" script line 1)
    invoked from within
"namespace eval ::xilinx.com_signal_gt_usrclk_1.0 { source -notrace {C:/Xilinx/Vivado/2024.2/data/rsb/busdef/gt_usrclk/busdef.tcl} }"
ERROR: [BD 41-69] Error sourcing TCL script: 
    while executing
"source -notrace {C:/Xilinx/Vivado/2024.2/data/rsb/busdef/interrupt_signal/busdef.tcl} "
    (in namespace eval "::xilinx.com_signal_interrupt_1.0" script line 1)
    invoked from within
"namespace eval ::xilinx.com_signal_interrupt_1.0 { source -notrace {C:/Xilinx/Vivado/2024.2/data/rsb/busdef/interrupt_signal/busdef.tcl} }"
INFO: [Common 17-344] 'open_project' was cancelled
exit
INFO: [Common 17-206] Exiting Vivado at Sun Feb 22 06:47:07 2026...
